\BOOKMARK [0][-]{chapter.1}{Vorwort}{}% 1
\BOOKMARK [1][-]{section.1.1}{Motivation}{chapter.1}% 2
\BOOKMARK [1][-]{section.1.2}{Danksagungen}{chapter.1}% 3
\BOOKMARK [0][-]{chapter.2}{Einleitung}{}% 4
\BOOKMARK [1][-]{section.2.1}{Zielsetzung}{chapter.2}% 5
\BOOKMARK [0][-]{chapter.3}{Konzeptionelle Grundlagen}{}% 6
\BOOKMARK [1][-]{section.3.1}{Client-Server Prinzip}{chapter.3}% 7
\BOOKMARK [0][-]{chapter.4}{Projektentwicklung}{}% 8
\BOOKMARK [1][-]{section.4.1}{System\374berblick}{chapter.4}% 9
\BOOKMARK [1][-]{section.4.2}{Datenbank Server}{chapter.4}% 10
\BOOKMARK [2][-]{subsection.4.2.1}{MySQL Datenbank}{section.4.2}% 11
\BOOKMARK [2][-]{subsection.4.2.2}{PHP Skripte}{section.4.2}% 12
\BOOKMARK [3][-]{subsubsection.4.2.2.1}{Login}{subsection.4.2.2}% 13
\BOOKMARK [3][-]{subsubsection.4.2.2.2}{Registrierung}{subsection.4.2.2}% 14
\BOOKMARK [3][-]{subsubsection.4.2.2.3}{\304nderungen via Einstellungen vom Client}{subsection.4.2.2}% 15
\BOOKMARK [3][-]{subsubsection.4.2.2.4}{Suchanfrage}{subsection.4.2.2}% 16
\BOOKMARK [1][-]{section.4.3}{Firebase Realtime Server}{chapter.4}% 17
\BOOKMARK [2][-]{subsection.4.3.1}{Firebase}{section.4.3}% 18
\BOOKMARK [2][-]{subsection.4.3.2}{Firebasestruktur}{section.4.3}% 19
\BOOKMARK [1][-]{section.4.4}{Client}{chapter.4}% 20
\BOOKMARK [2][-]{subsection.4.4.1}{Programmiersprache}{section.4.4}% 21
\BOOKMARK [2][-]{subsection.4.4.2}{Architektur des Clients}{section.4.4}% 22
\BOOKMARK [3][-]{subsubsection.4.4.2.1}{Klassen\374bersicht}{subsection.4.4.2}% 23
\BOOKMARK [2][-]{subsection.4.4.3}{Module}{section.4.4}% 24
\BOOKMARK [3][-]{subsubsection.4.4.3.1}{Login Activity}{subsection.4.4.3}% 25
\BOOKMARK [3][-]{subsubsection.4.4.3.2}{Register Activity}{subsection.4.4.3}% 26
\BOOKMARK [3][-]{subsubsection.4.4.3.3}{Mainpage Activity}{subsection.4.4.3}% 27
\BOOKMARK [3][-]{subsubsection.4.4.3.4}{Settings Activity}{subsection.4.4.3}% 28
\BOOKMARK [3][-]{subsubsection.4.4.3.5}{Filter Activity}{subsection.4.4.3}% 29
\BOOKMARK [3][-]{subsubsection.4.4.3.6}{Searchresults Activty}{subsection.4.4.3}% 30
\BOOKMARK [3][-]{subsubsection.4.4.3.7}{Userprofile Activty}{subsection.4.4.3}% 31
\BOOKMARK [3][-]{subsubsection.4.4.3.8}{Chat Activity}{subsection.4.4.3}% 32
