\BOOKMARK [0][-]{chapter.1}{Einleitung}{}% 1
\BOOKMARK [1][-]{section.1.1}{Zielsetzung}{chapter.1}% 2
\BOOKMARK [0][-]{chapter.2}{Konzeptionelle Grundlagen}{}% 3
\BOOKMARK [1][-]{section.2.1}{Client-Server Prinzip}{chapter.2}% 4
\BOOKMARK [1][-]{section.2.2}{Das Modell-View-Presenter Konzept \(Passive View\)}{chapter.2}% 5
\BOOKMARK [0][-]{chapter.3}{Die entwickelte Applikation}{}% 6
\BOOKMARK [1][-]{section.3.1}{Features}{chapter.3}% 7
\BOOKMARK [1][-]{section.3.2}{Die Benutzeroberfl\344che und Benutzung}{chapter.3}% 8
\BOOKMARK [0][-]{chapter.4}{Die Server}{}% 9
\BOOKMARK [1][-]{section.4.1}{Webserver}{chapter.4}% 10
\BOOKMARK [2][-]{subsection.4.1.1}{PHP}{section.4.1}% 11
\BOOKMARK [2][-]{subsection.4.1.2}{JSON}{section.4.1}% 12
\BOOKMARK [1][-]{section.4.2}{Datenbanken}{chapter.4}% 13
\BOOKMARK [2][-]{subsection.4.2.1}{Die MySQL Datenbank}{section.4.2}% 14
\BOOKMARK [2][-]{subsection.4.2.2}{Sicherheit der Passw\366rter in einer Datenbank}{section.4.2}% 15
\BOOKMARK [2][-]{subsection.4.2.3}{Firebase}{section.4.2}% 16
\BOOKMARK [1][-]{section.4.3}{Implementation in der entwickelten Applikation}{chapter.4}% 17
\BOOKMARK [2][-]{subsection.4.3.1}{Datenbankstrukturen}{section.4.3}% 18
\BOOKMARK [3][-]{subsubsection.4.3.1.1}{MySQL Datenbankstruktur}{subsection.4.3.1}% 19
\BOOKMARK [3][-]{subsubsection.4.3.1.2}{Firebase Datenbankstruktur}{subsection.4.3.1}% 20
\BOOKMARK [2][-]{subsection.4.3.2}{PHP Skripte}{section.4.3}% 21
\BOOKMARK [3][-]{subsubsection.4.3.2.1}{Login}{subsection.4.3.2}% 22
\BOOKMARK [3][-]{subsubsection.4.3.2.2}{Registrierung}{subsection.4.3.2}% 23
\BOOKMARK [3][-]{subsubsection.4.3.2.3}{\304nderung der Informationen via Einstellungen des Clients}{subsection.4.3.2}% 24
\BOOKMARK [3][-]{subsubsection.4.3.2.4}{Suchanfrage}{subsection.4.3.2}% 25
\BOOKMARK [3][-]{subsubsection.4.3.2.5}{Profilbilder}{subsection.4.3.2}% 26
\BOOKMARK [0][-]{chapter.5}{Der Client}{}% 27
\BOOKMARK [1][-]{section.5.1}{Betriebssystem und Programmiersprache}{chapter.5}% 28
\BOOKMARK [2][-]{subsection.5.1.1}{Android}{section.5.1}% 29
\BOOKMARK [2][-]{subsection.5.1.2}{Java}{section.5.1}% 30
\BOOKMARK [2][-]{subsection.5.1.3}{XML}{section.5.1}% 31
\BOOKMARK [2][-]{subsection.5.1.4}{Android Studio}{section.5.1}% 32
\BOOKMARK [1][-]{section.5.2}{Klassen\374bersicht des entwickelten Clients}{chapter.5}% 33
\BOOKMARK [2][-]{subsection.5.2.1}{Activities}{section.5.2}% 34
\BOOKMARK [2][-]{subsection.5.2.2}{Fragments}{section.5.2}% 35
\BOOKMARK [2][-]{subsection.5.2.3}{Models}{section.5.2}% 36
\BOOKMARK [3][-]{subsubsection.5.2.3.1}{UserModel}{subsection.5.2.3}% 37
\BOOKMARK [3][-]{subsubsection.5.2.3.2}{ProfilePictureModel}{subsection.5.2.3}% 38
\BOOKMARK [3][-]{subsubsection.5.2.3.3}{ChatModel}{subsection.5.2.3}% 39
\BOOKMARK [2][-]{subsection.5.2.4}{Auflistungen}{section.5.2}% 40
\BOOKMARK [3][-]{subsubsection.5.2.4.1}{XML-Layout eines Elementes}{subsection.5.2.4}% 41
\BOOKMARK [3][-]{subsubsection.5.2.4.2}{Model eines Elements}{subsection.5.2.4}% 42
\BOOKMARK [3][-]{subsubsection.5.2.4.3}{ViewHolder}{subsection.5.2.4}% 43
\BOOKMARK [3][-]{subsubsection.5.2.4.4}{Adapter}{subsection.5.2.4}% 44
\BOOKMARK [2][-]{subsection.5.2.5}{Utility-Klassen}{section.5.2}% 45
\BOOKMARK [2][-]{subsection.5.2.6}{Image Cropping}{section.5.2}% 46
\BOOKMARK [2][-]{subsection.5.2.7}{Interaktion mit dem Webserver \(MySQL Datenbank\)}{section.5.2}% 47
\BOOKMARK [2][-]{subsection.5.2.8}{Interaktion mit der Firebase Echtzeitdatenbank}{section.5.2}% 48
